# JRE version: 7.0_07-b11
# Java VM: Java HotSpot(TM) Client VM (23.3-b01 mixed mode windows-x86 )
Heap
 def new generation   total 314560K, used 426K [0x047f0000, 0x19d40000, 0x19d40000)
  eden space 279616K,   0% used [0x047f0000, 0x0485ab78, 0x15900000)
  from space 34944K,   0% used [0x15900000, 0x15900000, 0x17b20000)
  to   space 34944K,   0% used [0x17b20000, 0x17b20000, 0x19d40000)
 tenured generation   total 699072K, used 533843K [0x19d40000, 0x447f0000, 0x447f0000)
   the space 699072K,  76% used [0x19d40000, 0x3a694ea8, 0x3a695000, 0x447f0000)
 compacting perm gen  total 12288K, used 6318K [0x447f0000, 0x453f0000, 0x487f0000)
   the space 12288K,  51% used [0x447f0000, 0x44e1bb30, 0x44e1bc00, 0x453f0000)
GC Heap History (10 events):
Event: 95.959 GC heap before
{Heap before GC invocations=182 (full 24):
 def new generation   total 299072K, used 276725K [0x047f0000, 0x18c70000, 0x19d40000)
  eden space 265856K,  99% used [0x047f0000, 0x14b8f378, 0x14b90000)
  from space 33216K,  32% used [0x16c00000, 0x1769e1d8, 0x18c70000)
  to   space 33216K,   0% used [0x14b90000, 0x14b90000, 0x16c00000)
 tenured generation   total 664488K, used 539627K [0x19d40000, 0x4262a000, 0x447f0000)
   the space 664488K,  81% used [0x19d40000, 0x3ac3ace0, 0x3ac3ae00, 0x4262a000)
 compacting perm gen  total 12288K, used 6318K [0x447f0000, 0x453f0000, 0x487f0000)
   the space 12288K,  51% used [0x447f0000, 0x44e1bb30, 0x44e1bc00, 0x453f0000)
No shared spaces configured.
Event: 95.969 GC heap after
Heap after GC invocations=183 (full 24):
 def new generation   total 299072K, used 24070K [0x047f0000, 0x18c70000, 0x19d40000)
  eden space 265856K,   0% used [0x047f0000, 0x047f0000, 0x14b90000)
  from space 33216K,  72% used [0x14b90000, 0x16311a20, 0x16c00000)
  to   space 33216K,   0% used [0x16c00000, 0x16c00000, 0x18c70000)
 tenured generation   total 664488K, used 539627K [0x19d40000, 0x4262a000, 0x447f0000)
   the space 664488K,  81% used [0x19d40000, 0x3ac3ace0, 0x3ac3ae00, 0x4262a000)
 compacting perm gen  total 12288K, used 6318K [0x447f0000, 0x453f0000, 0x487f0000)
   the space 12288K,  51% used [0x447f0000, 0x44e1bb30, 0x44e1bc00, 0x453f0000)
No shared spaces configured.
}
Event: 96.066 GC heap before
{Heap before GC invocations=183 (full 24):
 def new generation   total 299072K, used 289777K [0x047f0000, 0x18c70000, 0x19d40000)
  eden space 265856K,  99% used [0x047f0000, 0x14b6ab30, 0x14b90000)
  from space 33216K,  72% used [0x14b90000, 0x16311a20, 0x16c00000)
  to   space 33216K,   0% used [0x16c00000, 0x16c00000, 0x18c70000)
 tenured generation   total 664488K, used 539627K [0x19d40000, 0x4262a000, 0x447f0000)
   the space 664488K,  81% used [0x19d40000, 0x3ac3ace0, 0x3ac3ae00, 0x4262a000)
 compacting perm gen  total 12288K, used 6318K [0x447f0000, 0x453f0000, 0x487f0000)
   the space 12288K,  51% used [0x447f0000, 0x44e1bb30, 0x44e1bc00, 0x453f0000)
No shared spaces configured.
Event: 96.097 GC heap after
Heap after GC invocations=184 (full 24):
 def new generation   total 299072K, used 1877K [0x047f0000, 0x18c70000, 0x19d40000)
  eden space 265856K,   0% used [0x047f0000, 0x047f0000, 0x14b90000)
  from space 33216K,   5% used [0x16c00000, 0x16dd55b8, 0x18c70000)
  to   space 33216K,   0% used [0x14b90000, 0x14b90000, 0x16c00000)
 tenured generation   total 664488K, used 562967K [0x19d40000, 0x4262a000, 0x447f0000)
   the space 664488K,  84% used [0x19d40000, 0x3c305e70, 0x3c306000, 0x4262a000)
 compacting perm gen  total 12288K, used 6318K [0x447f0000, 0x453f0000, 0x487f0000)
   the space 12288K,  51% used [0x447f0000, 0x44e1bb30, 0x44e1bc00, 0x453f0000)
No shared spaces configured.
}
Event: 96.220 GC heap before
{Heap before GC invocations=184 (full 24):
 def new generation   total 299072K, used 263498K [0x047f0000, 0x18c70000, 0x19d40000)
  eden space 265856K,  98% used [0x047f0000, 0x1476d568, 0x14b90000)
  from space 33216K,   5% used [0x16c00000, 0x16dd55b8, 0x18c70000)
  to   space 33216K,   0% used [0x14b90000, 0x14b90000, 0x16c00000)
 tenured generation   total 664488K, used 562967K [0x19d40000, 0x4262a000, 0x447f0000)
   the space 664488K,  84% used [0x19d40000, 0x3c305e70, 0x3c306000, 0x4262a000)
 compacting perm gen  total 12288K, used 6318K [0x447f0000, 0x453f0000, 0x487f0000)
   the space 12288K,  51% used [0x447f0000, 0x44e1bb30, 0x44e1bc00, 0x453f0000)
No shared spaces configured.
Event: 96.266 GC heap after
Heap after GC invocations=185 (full 24):
 def new generation   total 299072K, used 27097K [0x047f0000, 0x18c70000, 0x19d40000)
  eden space 265856K,   0% used [0x047f0000, 0x047f0000, 0x14b90000)
  from space 33216K,  81% used [0x14b90000, 0x16606490, 0x16c00000)
  to   space 33216K,   0% used [0x16c00000, 0x16c00000, 0x18c70000)
 tenured generation   total 664488K, used 601532K [0x19d40000, 0x4262a000, 0x447f0000)
   the space 664488K,  90% used [0x19d40000, 0x3e8af2a8, 0x3e8af400, 0x4262a000)
 compacting perm gen  total 12288K, used 6318K [0x447f0000, 0x453f0000, 0x487f0000)
   the space 12288K,  51% used [0x447f0000, 0x44e1bb30, 0x44e1bc00, 0x453f0000)
No shared spaces configured.
}
Event: 96.381 GC heap before
{Heap before GC invocations=185 (full 24):
 def new generation   total 299072K, used 292953K [0x047f0000, 0x18c70000, 0x19d40000)
  eden space 265856K, 100% used [0x047f0000, 0x14b90000, 0x14b90000)
  from space 33216K,  81% used [0x14b90000, 0x16606490, 0x16c00000)
  to   space 33216K,   0% used [0x16c00000, 0x16c00000, 0x18c70000)
 tenured generation   total 664488K, used 601532K [0x19d40000, 0x4262a000, 0x447f0000)
   the space 664488K,  90% used [0x19d40000, 0x3e8af2a8, 0x3e8af400, 0x4262a000)
 compacting perm gen  total 12288K, used 6318K [0x447f0000, 0x453f0000, 0x487f0000)
   the space 12288K,  51% used [0x447f0000, 0x44e1bb30, 0x44e1bc00, 0x453f0000)
No shared spaces configured.
Event: 96.421 GC heap after
Heap after GC invocations=186 (full 24):
 def new generation   total 299072K, used 28631K [0x047f0000, 0x18c70000, 0x19d40000)
  eden space 265856K,   0% used [0x047f0000, 0x047f0000, 0x14b90000)
  from space 33216K,  86% used [0x16c00000, 0x187f5e90, 0x18c70000)
  to   space 33216K,   0% used [0x14b90000, 0x14b90000, 0x16c00000)
 tenured generation   total 664488K, used 647510K [0x19d40000, 0x4262a000, 0x447f0000)
   the space 664488K,  97% used [0x19d40000, 0x41595bb8, 0x41595c00, 0x4262a000)
 compacting perm gen  total 12288K, used 6318K [0x447f0000, 0x453f0000, 0x487f0000)
   the space 12288K,  51% used [0x447f0000, 0x44e1bb30, 0x44e1bc00, 0x453f0000)
No shared spaces configured.
}
Event: 96.519 GC heap before
{Heap before GC invocations=186 (full 24):
 def new generation   total 299072K, used 294183K [0x047f0000, 0x18c70000, 0x19d40000)
  eden space 265856K,  99% used [0x047f0000, 0x14b43e38, 0x14b90000)
  from space 33216K,  86% used [0x16c00000, 0x187f5e90, 0x18c70000)
  to   space 33216K,   0% used [0x14b90000, 0x14b90000, 0x16c00000)
 tenured generation   total 664488K, used 647510K [0x19d40000, 0x4262a000, 0x447f0000)
   the space 664488K,  97% used [0x19d40000, 0x41595bb8, 0x41595c00, 0x4262a000)
 compacting perm gen  total 12288K, used 6318K [0x447f0000, 0x453f0000, 0x487f0000)
   the space 12288K,  51% used [0x447f0000, 0x44e1bb30, 0x44e1bc00, 0x453f0000)
No shared spaces configured.
Event: 98.546 GC heap after
Heap after GC invocations=187 (full 25):
 def new generation   total 314560K, used 0K [0x047f0000, 0x19d40000, 0x19d40000)
  eden space 279616K,   0% used [0x047f0000, 0x047f0000, 0x15900000)
  from space 34944K,   0% used [0x15900000, 0x15900000, 0x17b20000)
  to   space 34944K,   0% used [0x17b20000, 0x17b20000, 0x19d40000)
 tenured generation   total 699072K, used 533843K [0x19d40000, 0x447f0000, 0x447f0000)
   the space 699072K,  76% used [0x19d40000, 0x3a694ea8, 0x3a695000, 0x447f0000)
 compacting perm gen  total 12288K, used 6318K [0x447f0000, 0x453f0000, 0x487f0000)
   the space 12288K,  51% used [0x447f0000, 0x44e1bb30, 0x44e1bc00, 0x453f0000)
No shared spaces configured.
}

